File    S/N Description                              Start Time         End Time           #ofPoints Shuttle S/N  Deployment
----------------------------------------------------------------------------------------------------------------------------
c:\boxcar3\tidbit5.dtf
     567383 5                                        06Jun05 12:45:27.0 06Jun05 12:45:27.0         1
c:\boxcar3\tidbit6.dtf
     567385 6                                        06Jun05 12:46:21.0 17Jun05 19:45:51.0     32520
c:\boxcar3\tidbit4.dtf
     567387 4                                        06Jun05 12:44:05.0 17Jun05 19:43:35.0     32520
c:\boxcar3\tidbit2.dtf
     521724 2                                        06Jun05 12:42:00.0 17Jun05 19:41:30.0     32520
c:\boxcar3\tidbit3.dtf
     567384 3                                        06Jun05 12:42:56.0 17Jun05 19:42:26.0     32520
c:\boxcar3\tidbit7.dtf
     875627 TEST                                     08Jul05 09:54:21.0 12Aug05 06:24:21.0       240
c:\docume~1\jmrumble\mydocu~1\temper~1\data\hobo\tidbit8.dtf
     875626 8                                        08Jul05 09:59:55.0 12Aug05 06:29:55.0       240
c:\docume~1\jmrumble\mydocu~1\temper~1\data\hobo\tidbit9.dtf
     875628 9                                        08Jul05 10:01:06.0 12Aug05 06:31:06.0       240
c:\docume~1\jmrumble\mydocu~1\temper~1\data\hobo\tidbit10.dtf
     875629 10                                       08Jul05 10:03:07.0 12Aug05 06:33:07.0       240
c:\docume~1\jmrumble\mydocu~1\temper~1\data\hobo\tidbit11.dtf
     875625 11                                       08Jul05 10:04:10.0 12Aug05 06:34:10.0       240
c:\boxcar3\data\janoffic.dtf
     521722 janoffice                                24Mar05 15:01:19.0 12Aug05 09:01:19.0       564
r:\divisi~1\cf\shellf~1\temper~1\seoc10.dtf
     875629 10                                       20Sep05 10:54:32.0 19Oct05 07:54:32.0       199
r:\divisi~1\cf\shellf~1\temper~1\2005\t7s1905.dtf
     875627 7                                        20Sep05 10:52:43.0 19Oct05 11:22:43.0       200
r:\divisi~1\cf\shellf~1\temper~1\2005\t5o1905.dtf
     567383 5                                        20Sep05 10:53:53.0 19Oct05 11:23:53.0       200
r:\divisi~1\cf\shellf~1\temper~1\2005\t11o1905.dtf
     875625 11                                       20Sep05 10:51:47.0 19Oct05 11:21:47.0       200
h:\9.dtf
     875628 9                                        19Feb07 09:09:46.0 01Mar07 10:09:46.0       242
h:\temp\15.dtf
     970263 15                                       19Feb07 09:10:12.0 01Mar07 10:10:12.0       242
h:\temp\13.dtf
     970264 13                                       19Feb07 09:12:46.0 01Mar07 10:12:46.0       242
h:\3.dtf
     567384 3                                        13Mar07 10:53:18.0 13Mar07 10:53:18.0         1
h:\temp\11.dtf
     875625 11                                       19Feb07 09:08:35.0 30Mar07 14:08:35.0       942
h:\temp\25.dtf
     970252 25                                       19Feb07 09:11:46.0 30Mar07 14:11:46.0       942
h:\temp\23.dtf
     970249 23                                       19Feb07 09:13:50.0 30Mar07 14:13:50.0       942
h:\temp\16.dtf
     970256 16                                       19Feb07 09:15:03.0 30Mar07 14:15:03.0       942
c:\docume~1\jabedn~1\mydocu~1\tidbit\19second.dtf
     970254 19                                       01Mar08 08:26:58.0 19May08 08:26:58.0      1897
